{"meta": {"version": "6.1.2", "timestamp": "2021-11-12T10:22:07.113257", "branch_coverage": false, "show_contexts": false}, "files": {"src/config.py": {"executed_lines": [1, 2, 4, 6, 8, 9, 10, 11, 16, 19, 20, 21, 22, 23, 27, 28, 31, 32, 33, 36, 37, 39, 41], "summary": {"covered_lines": 23, "num_statements": 23, "percent_covered": 100.0, "percent_covered_display": "100", "missing_lines": 0, "excluded_lines": 0}, "missing_lines": [], "excluded_lines": []}, "src/filesystem.py": {"executed_lines": [1, 2, 6, 8, 14, 15, 47, 51, 65, 68], "summary": {"covered_lines": 10, "num_statements": 30, "percent_covered": 33.333333333333336, "percent_covered_display": "33", "missing_lines": 20, "excluded_lines": 0}, "missing_lines": [9, 10, 12, 17, 48, 49, 52, 53, 66, 69, 70, 71, 73, 74, 75, 77, 78, 80, 81, 83], "excluded_lines": []}, "src/info.py": {"executed_lines": [1, 2, 3, 5, 8, 9, 16, 18, 20], "summary": {"covered_lines": 8, "num_statements": 8, "percent_covered": 100.0, "percent_covered_display": "100", "missing_lines": 0, "excluded_lines": 0}, "missing_lines": [], "excluded_lines": []}, "src/main.py": {"executed_lines": [1, 2, 4, 6, 7, 9, 10, 11, 12, 13, 14, 16, 26, 28, 29, 34, 35, 38, 39, 40, 45, 46], "summary": {"covered_lines": 22, "num_statements": 23, "percent_covered": 95.65217391304348, "percent_covered_display": "96", "missing_lines": 1, "excluded_lines": 0}, "missing_lines": [36], "excluded_lines": []}, "src/models/category.py": {"executed_lines": [1, 3, 4, 7, 8, 9, 12, 13, 14, 17, 18], "summary": {"covered_lines": 11, "num_statements": 11, "percent_covered": 100.0, "percent_covered_display": "100", "missing_lines": 0, "excluded_lines": 0}, "missing_lines": [], "excluded_lines": []}, "src/models/file.py": {"executed_lines": [1, 2, 4, 5, 7, 9, 10, 12, 14, 15, 16, 18, 19, 22, 23, 26, 30, 31, 32, 35, 36], "summary": {"covered_lines": 21, "num_statements": 24, "percent_covered": 87.5, "percent_covered_display": "88", "missing_lines": 3, "excluded_lines": 0}, "missing_lines": [20, 24, 27], "excluded_lines": []}, "src/models/note.py": {"executed_lines": [1, 2, 3, 6, 8, 10, 11, 13, 15, 19, 20, 21, 22, 23, 24, 25, 26, 27, 28, 29, 31, 32, 35, 39, 40, 41, 42, 43, 44, 45, 50, 51, 52, 53, 54, 55, 56, 63, 64, 65, 66, 67, 70, 71, 72, 74, 75], "summary": {"covered_lines": 47, "num_statements": 48, "percent_covered": 97.91666666666667, "percent_covered_display": "98", "missing_lines": 1, "excluded_lines": 0}, "missing_lines": [33], "excluded_lines": []}, "src/models/tag.py": {"executed_lines": [1, 3, 4, 7, 8, 9, 12, 13, 14, 17, 18], "summary": {"covered_lines": 11, "num_statements": 11, "percent_covered": 100.0, "percent_covered_display": "100", "missing_lines": 0, "excluded_lines": 0}, "missing_lines": [], "excluded_lines": []}, "src/models/user.py": {"executed_lines": [1, 2, 4, 5, 7, 9, 10, 11, 13, 14, 15, 16, 19, 20, 21, 22, 25, 26, 28, 29, 31, 32, 33, 34], "summary": {"covered_lines": 24, "num_statements": 24, "percent_covered": 100.0, "percent_covered_display": "100", "missing_lines": 0, "excluded_lines": 0}, "missing_lines": [], "excluded_lines": []}, "src/resslogger.py": {"executed_lines": [3, 5, 7, 8, 9, 10, 11, 12, 13, 15, 16, 18, 20, 21, 24, 25], "summary": {"covered_lines": 16, "num_statements": 18, "percent_covered": 88.88888888888889, "percent_covered_display": "89", "missing_lines": 2, "excluded_lines": 0}, "missing_lines": [22, 26], "excluded_lines": []}, "src/tests/__init__.py": {"executed_lines": [1], "summary": {"covered_lines": 0, "num_statements": 0, "percent_covered": 100.0, "percent_covered_display": "100", "missing_lines": 0, "excluded_lines": 0}, "missing_lines": [], "excluded_lines": []}, "src/tests/conftest.py": {"executed_lines": [1, 3, 5, 7, 10, 11, 13, 14, 15, 16, 19, 20], "summary": {"covered_lines": 12, "num_statements": 17, "percent_covered": 70.58823529411765, "percent_covered_display": "71", "missing_lines": 5, "excluded_lines": 0}, "missing_lines": [24, 25, 29, 30, 31], "excluded_lines": []}, "src/tests/test_app.py": {"executed_lines": [1, 3, 6, 7, 10, 12, 13, 15, 16, 18, 19, 20, 21, 22, 23], "summary": {"covered_lines": 15, "num_statements": 16, "percent_covered": 93.75, "percent_covered_display": "94", "missing_lines": 1, "excluded_lines": 0}, "missing_lines": [8], "excluded_lines": []}, "src/tests/test_auth.py": {"executed_lines": [1, 3, 5, 7, 9, 13, 14, 15, 16, 19, 20, 21, 22, 25, 26, 27, 28], "summary": {"covered_lines": 17, "num_statements": 17, "percent_covered": 100.0, "percent_covered_display": "100", "missing_lines": 0, "excluded_lines": 0}, "missing_lines": [], "excluded_lines": []}, "src/tests/test_categories.py": {"executed_lines": [1, 3, 5, 7, 8, 9, 12, 14, 15, 16, 18, 22, 23, 24, 25, 27, 28, 30, 31, 32, 33, 35, 36, 37, 38, 39, 41, 42, 43, 44, 45, 46, 48, 49, 50, 52, 53, 54, 56, 57, 58, 59], "summary": {"covered_lines": 42, "num_statements": 42, "percent_covered": 100.0, "percent_covered_display": "100", "missing_lines": 0, "excluded_lines": 0}, "missing_lines": [], "excluded_lines": []}, "src/tests/test_files.py": {"executed_lines": [1, 2, 4, 7, 8, 9, 18, 20, 21, 24, 30, 32, 33, 35], "summary": {"covered_lines": 14, "num_statements": 14, "percent_covered": 100.0, "percent_covered_display": "100", "missing_lines": 0, "excluded_lines": 0}, "missing_lines": [], "excluded_lines": []}, "src/tests/test_notes.py": {"executed_lines": [1, 3, 5, 7, 8, 9, 12, 14, 15, 16, 18, 22, 27, 28, 32, 33, 34, 36, 37, 38, 39, 41, 43, 47, 49, 50, 51, 55, 56, 58, 59, 60, 62, 63, 64, 66, 67, 68, 69], "summary": {"covered_lines": 39, "num_statements": 39, "percent_covered": 100.0, "percent_covered_display": "100", "missing_lines": 0, "excluded_lines": 0}, "missing_lines": [], "excluded_lines": []}, "src/tests/test_tags.py": {"executed_lines": [1, 3, 5, 7, 8, 9, 12, 14, 15, 16, 18, 22, 23, 24, 25, 27, 28, 30, 31, 32, 33, 35, 36, 37, 38, 39, 41, 42, 43, 44, 45, 46, 48, 49, 50, 52, 53, 54, 56, 57, 58, 59], "summary": {"covered_lines": 42, "num_statements": 42, "percent_covered": 100.0, "percent_covered_display": "100", "missing_lines": 0, "excluded_lines": 0}, "missing_lines": [], "excluded_lines": []}, "src/tests/test_user.py": {"executed_lines": [1, 3, 5, 7, 8, 9, 11, 14, 15, 16, 17, 20, 21, 22, 23, 26, 31, 32, 37, 38, 40, 41, 42, 43, 46, 47, 48, 49, 51, 52, 53, 54, 55, 57, 58, 59], "summary": {"covered_lines": 36, "num_statements": 36, "percent_covered": 100.0, "percent_covered_display": "100", "missing_lines": 0, "excluded_lines": 0}, "missing_lines": [], "excluded_lines": []}, "src/tests/testutils.py": {"executed_lines": [1, 2, 5, 6, 7, 9, 10, 11, 12, 14, 15, 16, 17, 19, 20, 21, 23, 25, 29, 30, 31, 32, 33, 34, 36, 37], "summary": {"covered_lines": 26, "num_statements": 28, "percent_covered": 92.85714285714286, "percent_covered_display": "93", "missing_lines": 2, "excluded_lines": 0}, "missing_lines": [26, 27], "excluded_lines": []}, "src/user_auth.py": {"executed_lines": [1, 2, 3, 4, 5, 6, 8, 9, 11, 13, 18, 20, 21, 23, 24, 27, 28, 29, 30, 32, 33, 34, 35, 37, 41, 43, 44, 45, 55, 56, 57, 65, 73, 74, 76, 77, 78, 80, 86, 91, 97, 98, 106, 108, 109, 116, 118, 119, 121, 123, 135, 136, 137, 138, 139, 151, 159, 160, 161, 162], "summary": {"covered_lines": 59, "num_statements": 80, "percent_covered": 73.75, "percent_covered_display": "74", "missing_lines": 21, "excluded_lines": 0}, "missing_lines": [47, 48, 49, 50, 51, 52, 58, 59, 61, 62, 68, 81, 87, 92, 100, 101, 130, 140, 141, 145, 146], "excluded_lines": []}, "src/utils.py": {"executed_lines": [1, 2, 4, 5], "summary": {"covered_lines": 4, "num_statements": 4, "percent_covered": 100.0, "percent_covered_display": "100", "missing_lines": 0, "excluded_lines": 0}, "missing_lines": [], "excluded_lines": []}, "src/views/categories.py": {"executed_lines": [1, 2, 3, 4, 6, 8, 10, 11, 13, 14, 15, 16, 17, 18, 20, 21, 22, 24, 25, 26, 27, 32, 33, 35, 36, 37, 39, 40, 42, 43, 44, 45, 46, 47, 48, 49, 51, 52, 53, 55, 56, 58, 59], "summary": {"covered_lines": 42, "num_statements": 42, "percent_covered": 100.0, "percent_covered_display": "100", "missing_lines": 0, "excluded_lines": 0}, "missing_lines": [], "excluded_lines": []}, "src/views/files.py": {"executed_lines": [1, 2, 3, 4, 5, 7, 8, 10, 12, 14, 17, 18, 20, 23, 24, 26, 27, 28, 32, 35, 38, 39, 40, 41, 47, 49, 50, 51, 70, 71, 72, 74, 75, 86, 87, 88], "summary": {"covered_lines": 35, "num_statements": 46, "percent_covered": 76.08695652173913, "percent_covered_display": "76", "missing_lines": 11, "excluded_lines": 0}, "missing_lines": [53, 54, 55, 56, 61, 62, 63, 90, 91, 93, 94], "excluded_lines": []}, "src/views/notes.py": {"executed_lines": [1, 2, 3, 4, 5, 6, 8, 9, 10, 11, 13, 15, 16, 18, 19, 20, 23, 24, 26, 32, 33, 34, 36, 37, 38, 40, 41, 42, 43, 48, 49, 51, 52, 53, 56, 57, 58, 60, 61, 63, 64, 65, 66, 68, 70, 71, 73, 74, 76, 77, 78, 80, 81, 83, 84], "summary": {"covered_lines": 54, "num_statements": 54, "percent_covered": 100.0, "percent_covered_display": "100", "missing_lines": 0, "excluded_lines": 0}, "missing_lines": [], "excluded_lines": []}, "src/views/tags.py": {"executed_lines": [1, 2, 3, 4, 6, 8, 10, 11, 13, 14, 15, 16, 17, 18, 20, 21, 22, 24, 25, 26, 27, 32, 33, 35, 36, 37, 39, 40, 42, 43, 44, 45, 46, 47, 48, 49, 51, 52, 53, 55, 56, 58, 59], "summary": {"covered_lines": 42, "num_statements": 42, "percent_covered": 100.0, "percent_covered_display": "100", "missing_lines": 0, "excluded_lines": 0}, "missing_lines": [], "excluded_lines": []}, "src/views/users.py": {"executed_lines": [1, 2, 3, 4, 8, 11, 14, 16, 18, 20, 21, 23, 24, 26, 27, 28, 30, 31, 36, 41, 42, 48, 53, 54, 61, 63, 65, 81, 82, 83, 85, 86, 93, 94, 96, 97, 98, 99, 100, 101, 102, 103, 110, 111, 112, 114, 115, 116, 118], "summary": {"covered_lines": 48, "num_statements": 53, "percent_covered": 90.56603773584905, "percent_covered_display": "91", "missing_lines": 5, "excluded_lines": 0}, "missing_lines": [37, 55, 56, 87, 88], "excluded_lines": []}}, "totals": {"covered_lines": 720, "num_statements": 792, "percent_covered": 90.9090909090909, "percent_covered_display": "91", "missing_lines": 72, "excluded_lines": 0}}